Removed Pin From Net: NetName=D12V Pin=D2-A
Removed Pin From Net: NetName=NetD2_1 Pin=D2-K
Removed Pin From Net: NetName=NetC7_2 Pin=D3-A
Removed Pin From Net: NetName=D12V Pin=D3-K
Removed Pin From Net: NetName=NetD4_2 Pin=D4-A
Removed Pin From Net: NetName=NetD4_1 Pin=D4-K
Removed Pin From Net: NetName=NetD5_1 Pin=D5-A
Removed Pin From Net: NetName=NetD5_2 Pin=D5-K
Removed Pin From Net: NetName=NetD10_2 Pin=D10-A
Removed Pin From Net: NetName=NetD10_1 Pin=D10-K
Removed Pin From Net: NetName=NetD11_1 Pin=D11-A
Removed Pin From Net: NetName=NetD11_2 Pin=D11-K
Removed Pin From Net: NetName=NetC9_2 Pin=D12-A
Removed Pin From Net: NetName=D12V Pin=D12-K
Removed Pin From Net: NetName=NetC11_2 Pin=D13-A
Removed Pin From Net: NetName=D12V Pin=D13-K
Removed Pin From Net: NetName=NetD14_1 Pin=D14-A
Removed Pin From Net: NetName=NetD14_2 Pin=D14-K
Removed Pin From Net: NetName=NetD15_2 Pin=D15-A
Removed Pin From Net: NetName=NetD15_1 Pin=D15-K
Removed Pin From Net: NetName=NetD20_1 Pin=D20-A
Removed Pin From Net: NetName=NetD20_2 Pin=D20-K
Removed Pin From Net: NetName=NetD21_1 Pin=D21-A
Removed Pin From Net: NetName=NetD21_2 Pin=D21-K
Removed Pin From Net: NetName=NetC13_2 Pin=D22-A
Removed Pin From Net: NetName=D12V Pin=D22-K
Added Room: Name=Sheet2
